This is pdfTeX, Version 3.14159265-2.6-1.40.17 (TeX Live 2016/MacPorts 2016_4) (preloaded format=pdflatex 2017.3.23)  3 MAY 2017 14:23
entering extended mode
 \write18 enabled.
 file:line:error style messages enabled.
 %&-line parsing enabled.
**"Simultaneous Backscatter Communications.tex"
(./Simultaneous Backscatter Communications.tex
LaTeX2e <2016/03/31>
Babel <3.9r> and hyphenation patterns for 3 language(s) loaded.

! LaTeX Error: File `IEEEconf.cls' not found.

Type X to quit or <RETURN> to proceed,
or enter new name. (Default extension: cls)

Enter file name: 
./Simultaneous Backscatter Communications.tex:2: Emergency stop.
<read *> 
         
l.2 ^^M
       
*** (cannot \read from terminal in nonstop modes)

 
Here is how much of TeX's memory you used:
 11 strings out of 494946
 446 string characters out of 6180906
 45225 words of memory out of 5000000
 3402 multiletter control sequences out of 15000+600000
 3640 words of font info for 14 fonts, out of 8000000 for 9000
 14 hyphenation exceptions out of 8191
 10i,0n,7p,104b,8s stack positions out of 5000i,500n,10000p,200000b,80000s
./Simultaneous Backscatter Communications.tex:2:  ==> Fatal error occurred, no 
output PDF file produced!
